<?xml version="1.0" encoding="UTF-8"?>
<TestRun id="89ce0abb-df91-40ca-b854-dc7164491383" name="param@PARAMLAPTOP 2011-09-22 12:56:16" runUser="PARAMLAPTOP\param" xmlns="http://microsoft.com/schemas/VisualStudio/TeamTest/2010">
  <TestSettings name="Local" id="7833b2a8-a169-48cd-a85c-fb3ef00241ca">
    <Description>These are default test settings for a local test run.</Description>
    <Deployment enabled="false" runDeploymentRoot="param_PARAMLAPTOP 2011-09-22 12_56_16">
      <DeploymentItem filename="C:\Projects\HeadFirstDesignPattern\HeadFirstPatternsCore\bin\Debug\HeadFirstPatternsCore.dll" />
      <DeploymentItem filename="C:\Projects\HeadFirstDesignPattern\ThirdParty\RhinoMocks3.6\Rhino.Mocks.dll" />
    </Deployment>
    <Execution>
      <TestTypeSpecific />
      <AgentRule name="Execution Agents">
      </AgentRule>
    </Execution>
  </TestSettings>
  <Times creation="2011-09-22T12:56:16.5143295-05:00" queuing="2011-09-22T12:56:18.9044662-05:00" start="2011-09-22T12:56:19.1054777-05:00" finish="2011-09-22T12:56:20.7815735-05:00" />
  <ResultSummary outcome="Completed">
    <Counters total="1" executed="1" passed="1" error="0" failed="0" timeout="0" aborted="0" inconclusive="0" passedButRunAborted="0" notRunnable="0" notExecuted="0" disconnected="0" warning="0" completed="0" inProgress="0" pending="0" />
  </ResultSummary>
  <TestDefinitions>
    <UnitTest name="TestMethod1" storage="c:\projects\headfirstdesignpattern\unittests\bin\debug\rhinomockstester.dll" id="c191fff6-8435-7ec7-dd47-9837e459cbc2">
      <Execution id="afb4eaab-e49d-46bb-8bed-8fe5cbc1b08b" />
      <TestMethod codeBase="C:/Projects/HeadFirstDesignPattern/UnitTests/bin/Debug/RhinoMocksTester.DLL" adapterTypeName="Microsoft.VisualStudio.TestTools.TestTypes.Unit.UnitTestAdapter, Microsoft.VisualStudio.QualityTools.Tips.UnitTest.Adapter, Version=10.0.0.0, Culture=neutral, PublicKeyToken=b03f5f7f11d50a3a" className="RhinoMocksTester.RhinoMocksAtPlay, RhinoMocksTester, Version=1.0.0.0, Culture=neutral, PublicKeyToken=null" name="TestMethod1" />
    </UnitTest>
  </TestDefinitions>
  <TestLists>
    <TestList name="Results Not in a List" id="8c84fa94-04c1-424b-9868-57a2d4851a1d" />
    <TestList name="All Loaded Results" id="19431567-8539-422a-85d7-44ee4e166bda" />
  </TestLists>
  <TestEntries>
    <TestEntry testId="c191fff6-8435-7ec7-dd47-9837e459cbc2" executionId="afb4eaab-e49d-46bb-8bed-8fe5cbc1b08b" testListId="8c84fa94-04c1-424b-9868-57a2d4851a1d" />
  </TestEntries>
  <Results>
    <UnitTestResult executionId="afb4eaab-e49d-46bb-8bed-8fe5cbc1b08b" testId="c191fff6-8435-7ec7-dd47-9837e459cbc2" testName="TestMethod1" computerName="PARAMLAPTOP" duration="00:00:00.3731960" startTime="2011-09-22T12:56:19.2964886-05:00" endTime="2011-09-22T12:56:20.6425656-05:00" testType="13cdc9d9-ddb5-4fa4-a97d-d965ccfc6d4b" outcome="Passed" testListId="8c84fa94-04c1-424b-9868-57a2d4851a1d" relativeResultsDirectory="afb4eaab-e49d-46bb-8bed-8fe5cbc1b08b">
    </UnitTestResult>
  </Results>
</TestRun>